[1.040s] Invoking command in '/home/shibata/ros2_ws/src/mypkg': PYTHONPATH=/home/shibata/ros2_ws/src/mypkg/build/mypkg/prefix_override:/usr/lib/python3/dist-packages/colcon_core/task/python/colcon_distutils_commands:/home/shibata/ros2_ws/src/mypkg/install/mypkg/lib/python3.8/site-packages:${PYTHONPATH} /usr/bin/python3 -W ignore:setup.py install is deprecated setup.py egg_info --egg-base build/mypkg build --build-base /home/shibata/ros2_ws/src/mypkg/build/mypkg/build install --record /home/shibata/ros2_ws/src/mypkg/build/mypkg/install.log --install-scripts $base/lib/mypkg --single-version-externally-managed install_data
[1.161s] running egg_info
[1.161s] writing build/mypkg/mypkg.egg-info/PKG-INFO
[1.161s] writing dependency_links to build/mypkg/mypkg.egg-info/dependency_links.txt
[1.162s] writing entry points to build/mypkg/mypkg.egg-info/entry_points.txt
[1.163s] writing requirements to build/mypkg/mypkg.egg-info/requires.txt
[1.163s] writing top-level names to build/mypkg/mypkg.egg-info/top_level.txt
[1.187s] reading manifest file 'build/mypkg/mypkg.egg-info/SOURCES.txt'
[1.189s] writing manifest file 'build/mypkg/mypkg.egg-info/SOURCES.txt'
[1.189s] running build
[1.189s] running build_py
[1.189s] copying mypkg/cpu_usage_listener.py -> /home/shibata/ros2_ws/src/mypkg/build/mypkg/build/lib/mypkg
[1.190s] running install
[1.191s] running install_lib
[1.192s] copying /home/shibata/ros2_ws/src/mypkg/build/mypkg/build/lib/mypkg/cpu_usage_listener.py -> /home/shibata/ros2_ws/src/mypkg/install/mypkg/lib/python3.8/site-packages/mypkg
[1.193s] byte-compiling /home/shibata/ros2_ws/src/mypkg/install/mypkg/lib/python3.8/site-packages/mypkg/cpu_usage.listener.py to cpu_usage.listener.cpython-38.pyc
[1.194s]   File "/home/shibata/ros2_ws/src/mypkg/install/mypkg/lib/python3.8/site-packages/mypkg/cpu_usage.listener.py", line 20
[1.194s]     ~
[1.194s]     ^
[1.194s] SyntaxError: invalid syntax
[1.194s] 
[1.194s] byte-compiling /home/shibata/ros2_ws/src/mypkg/install/mypkg/lib/python3.8/site-packages/mypkg/cpu_usage_listener.py to cpu_usage_listener.cpython-38.pyc
[1.194s]   File "/home/shibata/ros2_ws/src/mypkg/install/mypkg/lib/python3.8/site-packages/mypkg/cpu_usage_listener.py", line 20
[1.194s]     ~
[1.194s]     ^
[1.195s] SyntaxError: invalid syntax
[1.195s] 
[1.195s] running install_data
[1.195s] running install_egg_info
[1.196s] removing '/home/shibata/ros2_ws/src/mypkg/install/mypkg/lib/python3.8/site-packages/mypkg-0.0.0-py3.8.egg-info' (and everything under it)
[1.196s] Copying build/mypkg/mypkg.egg-info to /home/shibata/ros2_ws/src/mypkg/install/mypkg/lib/python3.8/site-packages/mypkg-0.0.0-py3.8.egg-info
[1.198s] running install_scripts
[1.210s] Installing cpu_usage script to /home/shibata/ros2_ws/src/mypkg/install/mypkg/lib/mypkg
[1.210s] Installing cpu_usage_listener script to /home/shibata/ros2_ws/src/mypkg/install/mypkg/lib/mypkg
[1.211s] writing list of installed files to '/home/shibata/ros2_ws/src/mypkg/build/mypkg/install.log'
[1.226s] Invoked command in '/home/shibata/ros2_ws/src/mypkg' returned '0': PYTHONPATH=/home/shibata/ros2_ws/src/mypkg/build/mypkg/prefix_override:/usr/lib/python3/dist-packages/colcon_core/task/python/colcon_distutils_commands:/home/shibata/ros2_ws/src/mypkg/install/mypkg/lib/python3.8/site-packages:${PYTHONPATH} /usr/bin/python3 -W ignore:setup.py install is deprecated setup.py egg_info --egg-base build/mypkg build --build-base /home/shibata/ros2_ws/src/mypkg/build/mypkg/build install --record /home/shibata/ros2_ws/src/mypkg/build/mypkg/install.log --install-scripts $base/lib/mypkg --single-version-externally-managed install_data
